<?xml version="1.0" encoding="UTF-8"?>
<!-- Generated by org.testng.reporters.JUnitReportReporter -->
<testsuite name="testCases.countryMasterTest" tests="2" time="18.190" ignored="0" failures="0" timestamp="09 Apr 2022 13:04:48 GMT" skipped="0" hostname="bharat-Vostro-15-3568" errors="0">
  <testcase name="setUp" time="18.142" classname="testCases.countryMasterTest"/>
  <testcase name="displayElements" time="0.048" classname="testCases.countryMasterTest"/>
</testsuite> <!-- testCases.countryMasterTest -->
