<?xml version="1.0" encoding="UTF-8"?>
<!-- Generated by org.testng.reporters.JUnitReportReporter -->
<testsuite name="testCases.roleMasterTest" tests="6" time="98.583" ignored="0" failures="0" timestamp="12 Apr 2022 09:42:49 GMT" skipped="0" hostname="bharat-Vostro-15-3568" errors="0">
  <testcase name="setUp" time="48.096" classname="testCases.roleMasterTest"/>
  <testcase name="search" time="6.993" classname="testCases.roleMasterTest"/>
  <testcase name="displayElements" time="0.504" classname="testCases.roleMasterTest"/>
  <testcase name="addData" time="25.696" classname="testCases.roleMasterTest"/>
  <testcase name="delete" time="2.353" classname="testCases.roleMasterTest"/>
  <testcase name="editData" time="14.941" classname="testCases.roleMasterTest"/>
</testsuite> <!-- testCases.roleMasterTest -->
