<?xml version="1.0" encoding="UTF-8"?>
<!-- Generated by org.testng.reporters.JUnitReportReporter -->
<testsuite name="testCases.departmentMasterTest" tests="4" time="65.895" ignored="0" failures="0" timestamp="12 Apr 2022 09:17:20 GMT" skipped="0" hostname="bharat-Vostro-15-3568" errors="0">
  <testcase name="verifyHeading" time="28.877" classname="testCases.departmentMasterTest"/>
  <testcase name="setUp" time="20.917" classname="testCases.departmentMasterTest"/>
  <testcase name="displayElements" time="4.639" classname="testCases.departmentMasterTest"/>
  <testcase name="search" time="11.462" classname="testCases.departmentMasterTest"/>
</testsuite> <!-- testCases.departmentMasterTest -->
