<?xml version="1.0" encoding="UTF-8"?>
<!-- Generated by org.testng.reporters.JUnitReportReporter -->
<testsuite name="testCases.resourcePlanningReportTest" tests="20" time="88.972" ignored="0" failures="0" timestamp="27 Apr 2022 05:57:22 GMT" skipped="0" hostname="bharat-Vostro-15-3568" errors="0">
  <testcase name="TC_05" time="0.043" classname="testCases.resourcePlanningReportTest"/>
  <testcase name="TC_02" time="2.239" classname="testCases.resourcePlanningReportTest"/>
  <testcase name="TC_04" time="2.339" classname="testCases.resourcePlanningReportTest"/>
  <testcase name="TC_03" time="5.308" classname="testCases.resourcePlanningReportTest"/>
  <testcase name="TC_13" time="0.143" classname="testCases.resourcePlanningReportTest"/>
  <testcase name="TC_20" time="2.178" classname="testCases.resourcePlanningReportTest"/>
  <testcase name="TC_01" time="15.025" classname="testCases.resourcePlanningReportTest"/>
  <testcase name="TC_11" time="0.110" classname="testCases.resourcePlanningReportTest"/>
  <testcase name="TC_18" time="6.413" classname="testCases.resourcePlanningReportTest"/>
  <testcase name="TC_23" time="9.247" classname="testCases.resourcePlanningReportTest"/>
  <testcase name="TC_06" time="0.206" classname="testCases.resourcePlanningReportTest"/>
  <testcase name="TC_07" time="0.137" classname="testCases.resourcePlanningReportTest"/>
  <testcase name="TC_16" time="11.216" classname="testCases.resourcePlanningReportTest"/>
  <testcase name="TC_19" time="0.058" classname="testCases.resourcePlanningReportTest"/>
  <testcase name="TC_08" time="2.744" classname="testCases.resourcePlanningReportTest"/>
  <testcase name="TC_14" time="2.652" classname="testCases.resourcePlanningReportTest"/>
  <testcase name="TC_09" time="13.454" classname="testCases.resourcePlanningReportTest"/>
  <testcase name="TC_12" time="10.775" classname="testCases.resourcePlanningReportTest"/>
  <testcase name="TC_15" time="2.594" classname="testCases.resourcePlanningReportTest"/>
  <testcase name="TC_21" time="2.091" classname="testCases.resourcePlanningReportTest"/>
</testsuite> <!-- testCases.resourcePlanningReportTest -->
