<?xml version="1.0" encoding="UTF-8"?>
<!-- Generated by org.testng.reporters.JUnitReportReporter -->
<testsuite name="testCases.CustomerMasterTest" tests="21" time="71.099" ignored="0" failures="0" timestamp="04 May 2022 09:39:51 GMT" skipped="0" hostname="bharat-Vostro-15-3568" errors="0">
  <testcase name="TC_253" time="2.149" classname="testCases.CustomerMasterTest"/>
  <testcase name="TC_257" time="2.163" classname="testCases.CustomerMasterTest"/>
  <testcase name="TC_259" time="11.043" classname="testCases.CustomerMasterTest"/>
  <testcase name="setUp" time="14.511" classname="testCases.CustomerMasterTest"/>
  <testcase name="TC_242" time="2.217" classname="testCases.CustomerMasterTest"/>
  <testcase name="TC_250" time="2.207" classname="testCases.CustomerMasterTest"/>
  <testcase name="TC_252" time="2.482" classname="testCases.CustomerMasterTest"/>
  <testcase name="TC_255" time="2.157" classname="testCases.CustomerMasterTest"/>
  <testcase name="TC_211" time="2.160" classname="testCases.CustomerMasterTest"/>
  <testcase name="TC_213" time="2.192" classname="testCases.CustomerMasterTest"/>
  <testcase name="TC_261" time="0.251" classname="testCases.CustomerMasterTest"/>
  <testcase name="TC_243" time="2.171" classname="testCases.CustomerMasterTest"/>
  <testcase name="TC_214" time="1.020" classname="testCases.CustomerMasterTest"/>
  <testcase name="TC_244" time="6.722" classname="testCases.CustomerMasterTest"/>
  <testcase name="TC_258" time="2.104" classname="testCases.CustomerMasterTest"/>
  <testcase name="TC_256" time="2.115" classname="testCases.CustomerMasterTest"/>
  <testcase name="TC_254" time="2.122" classname="testCases.CustomerMasterTest"/>
  <testcase name="TC_260" time="2.428" classname="testCases.CustomerMasterTest"/>
  <testcase name="TC_210" time="2.236" classname="testCases.CustomerMasterTest"/>
  <testcase name="TC_212" time="0.106" classname="testCases.CustomerMasterTest"/>
  <testcase name="TC_251" time="6.543" classname="testCases.CustomerMasterTest"/>
</testsuite> <!-- testCases.CustomerMasterTest -->
