<?xml version="1.0" encoding="UTF-8"?>
<!-- Generated by org.testng.reporters.JUnitReportReporter -->
<testsuite name="testCases.homePageTest" tests="5" time="21.496" ignored="0" failures="0" timestamp="12 Apr 2022 09:28:41 GMT" skipped="0" hostname="bharat-Vostro-15-3568" errors="0">
  <testcase name="openNotification" time="4.615" classname="testCases.homePageTest"/>
  <testcase name="profilePic" time="0.206" classname="testCases.homePageTest"/>
  <testcase name="closeNotification" time="2.197" classname="testCases.homePageTest"/>
  <testcase name="displayNotification" time="0.230" classname="testCases.homePageTest"/>
  <testcase name="setUp" time="14.248" classname="testCases.homePageTest"/>
</testsuite> <!-- testCases.homePageTest -->
