<?xml version="1.0" encoding="UTF-8"?>
<!-- Generated by org.testng.reporters.JUnitReportReporter -->
<testsuite name="testCases.TenantMasterTest" tests="24" time="160.482" ignored="0" failures="0" timestamp="02 May 2022 08:33:10 GMT" skipped="0" hostname="bharat-Vostro-15-3568" errors="1">
  <testcase name="TC_80" time="3.027" classname="testCases.TenantMasterTest"/>
  <testcase name="TC_94" time="4.697" classname="testCases.TenantMasterTest"/>
  <testcase name="TC_81" time="0.030" classname="testCases.TenantMasterTest"/>
  <testcase name="TC_78" time="2.191" classname="testCases.TenantMasterTest"/>
  <testcase name="TC_91" time="2.221" classname="testCases.TenantMasterTest"/>
  <testcase name="TC_76" time="4.378" classname="testCases.TenantMasterTest"/>
  <testcase name="TC_97" time="4.516" classname="testCases.TenantMasterTest"/>
  <testcase name="TC_84" time="21.832" classname="testCases.TenantMasterTest"/>
  <testcase name="setUp" time="13.969" classname="testCases.TenantMasterTest"/>
  <testcase name="TC_99" time="4.615" classname="testCases.TenantMasterTest"/>
  <testcase name="TC_90" time="7.367" classname="testCases.TenantMasterTest"/>
  <testcase name="TC_82" time="0.032" classname="testCases.TenantMasterTest"/>
  <testcase name="TC_86" time="10.665" classname="testCases.TenantMasterTest"/>
  <testcase name="TC_88" time="4.392" classname="testCases.TenantMasterTest">
    <error type="junit.framework.ComparisonFailure" message="expected:&lt;&gt; but was:&lt;techneai&gt;">
      <![CDATA[junit.framework.ComparisonFailure: expected:<> but was:<techneai>
	at junit.framework.Assert.assertEquals(Assert.java:81)
	at junit.framework.Assert.assertEquals(Assert.java:87)
	at testCases.TenantMasterTest.TC_88(TenantMasterTest.java:374)
	at sun.reflect.NativeMethodAccessorImpl.invoke0(Native Method)
	at sun.reflect.NativeMethodAccessorImpl.invoke(NativeMethodAccessorImpl.java:62)
	at sun.reflect.DelegatingMethodAccessorImpl.invoke(DelegatingMethodAccessorImpl.java:43)
	at java.lang.reflect.Method.invoke(Method.java:498)
	at org.testng.internal.MethodInvocationHelper.invokeMethod(MethodInvocationHelper.java:104)
	at org.testng.internal.Invoker.invokeMethod(Invoker.java:645)
	at org.testng.internal.Invoker.invokeTestMethod(Invoker.java:851)
	at org.testng.internal.Invoker.invokeTestMethods(Invoker.java:1177)
	at org.testng.internal.TestMethodWorker.invokeTestMethods(TestMethodWorker.java:129)
	at org.testng.internal.TestMethodWorker.run(TestMethodWorker.java:112)
	at org.testng.TestRunner.privateRun(TestRunner.java:756)
	at org.testng.TestRunner.run(TestRunner.java:610)
	at org.testng.SuiteRunner.runTest(SuiteRunner.java:387)
	at org.testng.SuiteRunner.runSequentially(SuiteRunner.java:382)
	at org.testng.SuiteRunner.privateRun(SuiteRunner.java:340)
	at org.testng.SuiteRunner.run(SuiteRunner.java:289)
	at org.testng.SuiteRunnerWorker.runSuite(SuiteRunnerWorker.java:52)
	at org.testng.SuiteRunnerWorker.run(SuiteRunnerWorker.java:86)
	at org.testng.TestNG.runSuitesSequentially(TestNG.java:1293)
	at org.testng.TestNG.runSuitesLocally(TestNG.java:1218)
	at org.testng.TestNG.runSuites(TestNG.java:1133)
	at org.testng.TestNG.run(TestNG.java:1104)
	at org.testng.remote.AbstractRemoteTestNG.run(AbstractRemoteTestNG.java:132)
	at org.testng.remote.RemoteTestNG.initAndRun(RemoteTestNG.java:236)
	at org.testng.remote.RemoteTestNG.main(RemoteTestNG.java:81)
]]>
    </error>
  </testcase> <!-- TC_88 -->
  <testcase name="TC_87" time="6.414" classname="testCases.TenantMasterTest"/>
  <testcase name="TC_85" time="2.590" classname="testCases.TenantMasterTest"/>
  <testcase name="TC_96" time="4.595" classname="testCases.TenantMasterTest"/>
  <testcase name="TC_83" time="20.593" classname="testCases.TenantMasterTest"/>
  <testcase name="TC_79" time="29.899" classname="testCases.TenantMasterTest"/>
  <testcase name="TC_98" time="4.725" classname="testCases.TenantMasterTest"/>
  <testcase name="TC_92" time="2.523" classname="testCases.TenantMasterTest"/>
  <testcase name="TC_77" time="0.183" classname="testCases.TenantMasterTest"/>
  <testcase name="TC_93" time="0.357" classname="testCases.TenantMasterTest"/>
  <testcase name="TC_95" time="4.671" classname="testCases.TenantMasterTest"/>
</testsuite> <!-- testCases.TenantMasterTest -->
